Build started 26/01/2016 13:52:28.
     1>Project "C:\Users\s013697b\Downloads\RayTracerToolChain\RayTracerFramework\RayTracerSmall\RayTracerSmall.vcxproj" on node 2 (Build target(s)).
     1>ClCompile:
         C:\Program Files (x86)\Microsoft Visual Studio 12.0\VC\bin\x86_amd64\CL.exe /c /Zi /nologo /W3 /WX- /Od /D _DEBUG /D _CONSOLE /D _UNICODE /D UNICODE /Gm /EHsc /RTC1 /MDd /GS /fp:precise /Zc:wchar_t /Zc:forScope /Fo"x64\Debug\\" /Fd"x64\Debug\vc120.pdb" /Gd /TP /errorReport:prompt main.cpp
         main.cpp
     1>main.cpp(41): warning C4005: 'INFINITY' : macro redefinition
                 C:\Program Files (x86)\Microsoft Visual Studio 12.0\VC\include\math.h(102) : see previous definition of 'INFINITY'
     1>main.cpp(96): warning C4305: 'initializing' : truncation from 'double' to 'float'
     1>main.cpp(102): warning C4305: 'argument' : truncation from 'double' to 'const float'
     1>main.cpp(111): warning C4305: 'initializing' : truncation from 'double' to 'float'
     1>main.cpp(170): warning C4244: 'initializing' : conversion from 'double' to 'float', possible loss of data
     1>main.cpp(174): warning C4244: 'initializing' : conversion from 'double' to 'float', possible loss of data
     1>main.cpp(175): warning C4244: 'initializing' : conversion from 'double' to 'float', possible loss of data
     1>main.cpp(203): warning C4305: 'argument' : truncation from 'double' to 'float'
     1>main.cpp(204): warning C4305: 'argument' : truncation from 'double' to 'float'
     1>main.cpp(205): warning C4305: 'argument' : truncation from 'double' to 'float'
     1>main.cpp(206): warning C4305: 'argument' : truncation from 'double' to 'float'
     1>main.cpp(222): warning C4305: 'argument' : truncation from 'double' to 'float'
     1>main.cpp(223): warning C4305: 'argument' : truncation from 'double' to 'float'
     1>main.cpp(224): warning C4305: 'argument' : truncation from 'double' to 'float'
     1>main.cpp(225): warning C4305: 'argument' : truncation from 'double' to 'float'
     1>main.cpp(230): warning C4305: 'argument' : truncation from 'double' to 'float'
     1>main.cpp(231): warning C4305: 'argument' : truncation from 'double' to 'float'
     1>main.cpp(232): warning C4305: 'argument' : truncation from 'double' to 'float'
     1>main.cpp(233): warning C4305: 'argument' : truncation from 'double' to 'float'
     1>main.cpp(237): warning C4305: 'argument' : truncation from 'double' to 'float'
     1>main.cpp(238): warning C4305: 'argument' : truncation from 'double' to 'float'
     1>main.cpp(239): warning C4305: 'argument' : truncation from 'double' to 'float'
     1>main.cpp(240): warning C4305: 'argument' : truncation from 'double' to 'float'
     1>main.cpp(244): warning C4305: 'argument' : truncation from 'double' to 'float'
     1>main.cpp(245): warning C4305: 'argument' : truncation from 'double' to 'float'
     1>main.cpp(246): warning C4305: 'argument' : truncation from 'double' to 'float'
     1>main.cpp(247): warning C4305: 'argument' : truncation from 'double' to 'float'
     1>main.cpp(263): warning C4305: 'argument' : truncation from 'double' to 'float'
     1>main.cpp(264): warning C4305: 'argument' : truncation from 'double' to 'float'
     1>main.cpp(265): warning C4305: 'argument' : truncation from 'double' to 'float'
     1>main.cpp(266): warning C4305: 'argument' : truncation from 'double' to 'float'
     1>main.cpp(267): warning C4244: 'argument' : conversion from 'float' to 'int', possible loss of data
       Link:
         C:\Program Files (x86)\Microsoft Visual Studio 12.0\VC\bin\x86_amd64\link.exe /ERRORREPORT:PROMPT /OUT:"C:\Users\s013697b\Downloads\RayTracerToolChain\RayTracerFramework\x64\Debug\RayTracerSmall.exe" /INCREMENTAL /NOLOGO kernel32.lib user32.lib gdi32.lib winspool.lib comdlg32.lib advapi32.lib shell32.lib ole32.lib oleaut32.lib uuid.lib odbc32.lib odbccp32.lib /MANIFEST /MANIFESTUAC:"level='asInvoker' uiAccess='false'" /manifest:embed /DEBUG /PDB:"C:\Users\s013697b\Downloads\RayTracerToolChain\RayTracerFramework\x64\Debug\RayTracerSmall.pdb" /SUBSYSTEM:CONSOLE /TLBID:1 /DYNAMICBASE /NXCOMPAT /IMPLIB:"C:\Users\s013697b\Downloads\RayTracerToolChain\RayTracerFramework\x64\Debug\RayTracerSmall.lib" /MACHINE:X64 x64\Debug\main.obj
         x64\Debug\Sphere.obj
         RayTracerSmall.vcxproj -> C:\Users\s013697b\Downloads\RayTracerToolChain\RayTracerFramework\x64\Debug\RayTracerSmall.exe
     1>Done Building Project "C:\Users\s013697b\Downloads\RayTracerToolChain\RayTracerFramework\RayTracerSmall\RayTracerSmall.vcxproj" (Build target(s)).

Build succeeded.

Time Elapsed 00:00:02.38
