Build started 28/01/2016 16:45:15.
     1>Project "E:\uni work\low level graphics\program\RayTracerFramework\RayTracerSmall\RayTracerSmall.vcxproj" on node 2 (Build target(s)).
     1>ClCompile:
         C:\Program Files (x86)\Microsoft Visual Studio 12.0\VC\bin\x86_amd64\CL.exe /c /Zi /nologo /W3 /WX- /O2 /Oi /GL /D NDEBUG /D _CONSOLE /D _UNICODE /D UNICODE /Gm- /EHsc /MD /GS /Gy /fp:precise /Zc:wchar_t /Zc:forScope /Fo"x64\Release\\" /Fd"x64\Release\vc120.pdb" /Gd /TP /errorReport:prompt main.cpp
         main.cpp
     1>e:\uni work\low level graphics\program\raytracerframework\raytracersmall\definitions.h(8): warning C4005: 'INFINITY' : macro redefinition
                 C:\Program Files (x86)\Microsoft Visual Studio 12.0\VC\include\math.h(102) : see previous definition of 'INFINITY'
     1>main.cpp(45): warning C4305: 'argument' : truncation from 'double' to 'float'
     1>main.cpp(46): warning C4305: 'argument' : truncation from 'double' to 'float'
     1>main.cpp(47): warning C4305: 'argument' : truncation from 'double' to 'float'
     1>main.cpp(48): warning C4305: 'argument' : truncation from 'double' to 'float'
     1>main.cpp(49): warning C4244: 'argument' : conversion from 'float' to 'int', possible loss of data
       Link:
         C:\Program Files (x86)\Microsoft Visual Studio 12.0\VC\bin\x86_amd64\link.exe /ERRORREPORT:PROMPT /OUT:"E:\uni work\low level graphics\program\RayTracerFramework\x64\Release\RayTracerSmall.exe" /INCREMENTAL:NO /NOLOGO kernel32.lib user32.lib gdi32.lib winspool.lib comdlg32.lib advapi32.lib shell32.lib ole32.lib oleaut32.lib uuid.lib odbc32.lib odbccp32.lib /MANIFEST /MANIFESTUAC:"level='asInvoker' uiAccess='false'" /manifest:embed /DEBUG /PDB:"E:\uni work\low level graphics\program\RayTracerFramework\x64\Release\RayTracerSmall.pdb" /SUBSYSTEM:CONSOLE /OPT:REF /OPT:ICF /LTCG /TLBID:1 /DYNAMICBASE /NXCOMPAT /IMPLIB:"E:\uni work\low level graphics\program\RayTracerFramework\x64\Release\RayTracerSmall.lib" /MACHINE:X64 x64\Release\main.obj
         x64\Release\Renderer.obj
         x64\Release\Sphere.obj
         Generating code
         Finished generating code
         RayTracerSmall.vcxproj -> E:\uni work\low level graphics\program\RayTracerFramework\x64\Release\RayTracerSmall.exe
     1>Done Building Project "E:\uni work\low level graphics\program\RayTracerFramework\RayTracerSmall\RayTracerSmall.vcxproj" (Build target(s)).

Build succeeded.

Time Elapsed 00:00:01.31
